<?xml version="1.0" encoding="UTF-8"?>
<testsuite xmlns:xsi="http://www.w3.org/2001/XMLSchema-instance" xsi:noNamespaceSchemaLocation="https://maven.apache.org/surefire/maven-surefire-plugin/xsd/surefire-test-report-3.0.xsd" version="3.0" name="cloud.contoterzi.helpdesk.core.engine.HelpdeskEngineSystemTest" time="0.181" tests="6" errors="0" skipped="0" failures="0">
  <properties>
[...]
</properties>
  <testcase name="testProcessQuestion_WithKnowledgeBasePath_ReturnsDirectAnswer" classname="cloud.contoterzi.helpdesk.core.engine.HelpdeskEngineSystemTest" time="0.158">
    <system-err><![CDATA[set 16, 2025 3:34:01 PM cloud.contoterzi.helpdesk.core.engine.HelpdeskEngine init
INFO: Initializing Helpdesk Engine
set 16, 2025 3:34:01 PM cloud.contoterzi.helpdesk.core.engine.HelpdeskEngine init
INFO: About to initialize AppState
set 16, 2025 3:34:01 PM cloud.contoterzi.helpdesk.core.config.AppState init
INFO: Initializing AppState
set 16, 2025 3:34:01 PM cloud.contoterzi.helpdesk.core.config.AppState getConfigInputStream
INFO: DEBUG: Attempting to load config from: /Users/paoloproni/Documents/UniBZ/Tesi/JavaLambda/helpdesk-core/src/test/resources/test-config.yaml
set 16, 2025 3:34:01 PM cloud.contoterzi.helpdesk.core.config.AppState getConfigInputStream
INFO: AppState loading the configuration from a file
set 16, 2025 3:34:01 PM cloud.contoterzi.helpdesk.core.config.AppState getConfigInputStream
INFO: DEBUG: File path: /Users/paoloproni/Documents/UniBZ/Tesi/JavaLambda/helpdesk-core/src/test/resources/test-config.yaml
set 16, 2025 3:34:01 PM cloud.contoterzi.helpdesk.core.config.AppState loadConfigFromEnv
INFO: DEBUG: YAML loaded successfully. Raw data: {llm={type=claude, region=us-east-1, modelId=anthropic.claude-3-sonnet-20240229-v1:0, llmVersion=bedrock-2023-05-31, temperature=0.4, maxTokens=1024, prompts={preamble=You are a test help desk assistant for an agricultural subcontractor management software.  Answer clearly and helpfully only if the question is relevant to the software.  If it is not, state that you cannot answer.  If the user needs human intervention, include EXACTLY the phrase 'contact support' once in the answer.  If no human is required, DO NOT include that phrase., template=%s%n%nTest Examples:%n%s%n%nUser question: %s%nAnswer:, contactSupportPhrase=contact support}}, storage={type=s3, region=eu-north-1, bucket=test-bucket, prefix=, filename=test-knowledge.json}, similarity={type=cosine, fewShot=10000, threshold=0.8}}
set 16, 2025 3:34:01 PM cloud.contoterzi.helpdesk.core.config.AppState loadConfigFromEnv
INFO: DEBUG: Storage section: {type=s3, region=eu-north-1, bucket=test-bucket, prefix=, filename=test-knowledge.json}
set 16, 2025 3:34:01 PM cloud.contoterzi.helpdesk.core.config.AppState buildStorageUri
INFO: DEBUG: Storage type = s3
set 16, 2025 3:34:01 PM cloud.contoterzi.helpdesk.core.config.AppState init
INFO: AppState initialized
set 16, 2025 3:34:01 PM cloud.contoterzi.helpdesk.core.engine.HelpdeskEngine init
INFO: AppState initialized successfully
set 16, 2025 3:34:01 PM cloud.contoterzi.helpdesk.core.engine.HelpdeskEngine init
INFO: Knowledge base loaded with 2 entries
set 16, 2025 3:34:01 PM cloud.contoterzi.helpdesk.core.engine.HelpdeskEngine init
INFO: Loading LLM client type: claude
set 16, 2025 3:34:01 PM cloud.contoterzi.helpdesk.core.engine.HelpdeskEngine init
INFO: LLM client loaded successfully: cloud.contoterzi.helpdesk.core.spi.LlmClient$MockitoMock$FeNzan4m
set 16, 2025 3:34:01 PM cloud.contoterzi.helpdesk.core.engine.HelpdeskEngine init
INFO: LLM client initialized successfully
set 16, 2025 3:34:01 PM cloud.contoterzi.helpdesk.core.engine.HelpdeskEngine init
INFO: Similarity Service loaded via SPI successfully
]]></system-err>
  </testcase>
  <testcase name="testProcessQuestion_WithEscalationRequired_ReturnsEscalationResponse" classname="cloud.contoterzi.helpdesk.core.engine.HelpdeskEngineSystemTest" time="0.004">
    <system-err><![CDATA[set 16, 2025 3:34:01 PM cloud.contoterzi.helpdesk.core.engine.HelpdeskEngine init
INFO: Initializing Helpdesk Engine
set 16, 2025 3:34:01 PM cloud.contoterzi.helpdesk.core.engine.HelpdeskEngine init
INFO: About to initialize AppState
set 16, 2025 3:34:01 PM cloud.contoterzi.helpdesk.core.engine.HelpdeskEngine init
INFO: AppState initialized successfully
set 16, 2025 3:34:01 PM cloud.contoterzi.helpdesk.core.engine.HelpdeskEngine init
INFO: Knowledge base loaded with 2 entries
set 16, 2025 3:34:01 PM cloud.contoterzi.helpdesk.core.engine.HelpdeskEngine init
INFO: Loading LLM client type: claude
set 16, 2025 3:34:01 PM cloud.contoterzi.helpdesk.core.engine.HelpdeskEngine init
INFO: LLM client loaded successfully: cloud.contoterzi.helpdesk.core.spi.LlmClient$MockitoMock$FeNzan4m
set 16, 2025 3:34:01 PM cloud.contoterzi.helpdesk.core.engine.HelpdeskEngine init
INFO: LLM client initialized successfully
set 16, 2025 3:34:01 PM cloud.contoterzi.helpdesk.core.engine.HelpdeskEngine init
INFO: Similarity Service loaded via SPI successfully
]]></system-err>
  </testcase>
  <testcase name="testProcessQuestion_WithLlmResponseContainingContactSupport_ReturnsEscalation" classname="cloud.contoterzi.helpdesk.core.engine.HelpdeskEngineSystemTest" time="0.005">
    <system-err><![CDATA[set 16, 2025 3:34:01 PM cloud.contoterzi.helpdesk.core.engine.HelpdeskEngine init
INFO: Initializing Helpdesk Engine
set 16, 2025 3:34:01 PM cloud.contoterzi.helpdesk.core.engine.HelpdeskEngine init
INFO: About to initialize AppState
set 16, 2025 3:34:01 PM cloud.contoterzi.helpdesk.core.engine.HelpdeskEngine init
INFO: AppState initialized successfully
set 16, 2025 3:34:01 PM cloud.contoterzi.helpdesk.core.engine.HelpdeskEngine init
INFO: Knowledge base loaded with 2 entries
set 16, 2025 3:34:01 PM cloud.contoterzi.helpdesk.core.engine.HelpdeskEngine init
INFO: Loading LLM client type: claude
set 16, 2025 3:34:01 PM cloud.contoterzi.helpdesk.core.engine.HelpdeskEngine init
INFO: LLM client loaded successfully: cloud.contoterzi.helpdesk.core.spi.LlmClient$MockitoMock$FeNzan4m
set 16, 2025 3:34:01 PM cloud.contoterzi.helpdesk.core.engine.HelpdeskEngine init
INFO: LLM client initialized successfully
set 16, 2025 3:34:01 PM cloud.contoterzi.helpdesk.core.engine.HelpdeskEngine init
INFO: Similarity Service loaded via SPI successfully
]]></system-err>
  </testcase>
  <testcase name="testProcessQuestion_WithLlmException_ReturnsFallbackWithEscalation" classname="cloud.contoterzi.helpdesk.core.engine.HelpdeskEngineSystemTest" time="0.003"/>
  <testcase name="testProcessQuestion_ToggleBetweenLlmAndKnowledgeBase" classname="cloud.contoterzi.helpdesk.core.engine.HelpdeskEngineSystemTest" time="0.005">
    <system-err><![CDATA[set 16, 2025 3:34:01 PM cloud.contoterzi.helpdesk.core.engine.HelpdeskEngine init
INFO: Initializing Helpdesk Engine
set 16, 2025 3:34:01 PM cloud.contoterzi.helpdesk.core.engine.HelpdeskEngine init
INFO: About to initialize AppState
set 16, 2025 3:34:01 PM cloud.contoterzi.helpdesk.core.engine.HelpdeskEngine init
INFO: AppState initialized successfully
set 16, 2025 3:34:01 PM cloud.contoterzi.helpdesk.core.engine.HelpdeskEngine init
INFO: Knowledge base loaded with 2 entries
set 16, 2025 3:34:01 PM cloud.contoterzi.helpdesk.core.engine.HelpdeskEngine init
INFO: Loading LLM client type: claude
set 16, 2025 3:34:01 PM cloud.contoterzi.helpdesk.core.engine.HelpdeskEngine init
INFO: LLM client loaded successfully: cloud.contoterzi.helpdesk.core.spi.LlmClient$MockitoMock$FeNzan4m
set 16, 2025 3:34:01 PM cloud.contoterzi.helpdesk.core.engine.HelpdeskEngine init
INFO: LLM client initialized successfully
set 16, 2025 3:34:01 PM cloud.contoterzi.helpdesk.core.engine.HelpdeskEngine init
INFO: Similarity Service loaded via SPI successfully
set 16, 2025 3:34:01 PM cloud.contoterzi.helpdesk.core.engine.HelpdeskEngine init
INFO: Initializing Helpdesk Engine
set 16, 2025 3:34:01 PM cloud.contoterzi.helpdesk.core.engine.HelpdeskEngine init
INFO: About to initialize AppState
set 16, 2025 3:34:01 PM cloud.contoterzi.helpdesk.core.engine.HelpdeskEngine init
INFO: AppState initialized successfully
set 16, 2025 3:34:01 PM cloud.contoterzi.helpdesk.core.engine.HelpdeskEngine init
INFO: Knowledge base loaded with 2 entries
set 16, 2025 3:34:01 PM cloud.contoterzi.helpdesk.core.engine.HelpdeskEngine init
INFO: Loading LLM client type: claude
set 16, 2025 3:34:01 PM cloud.contoterzi.helpdesk.core.engine.HelpdeskEngine init
INFO: LLM client loaded successfully: cloud.contoterzi.helpdesk.core.spi.LlmClient$MockitoMock$FeNzan4m
set 16, 2025 3:34:01 PM cloud.contoterzi.helpdesk.core.engine.HelpdeskEngine init
INFO: LLM client initialized successfully
set 16, 2025 3:34:01 PM cloud.contoterzi.helpdesk.core.engine.HelpdeskEngine init
INFO: Similarity Service loaded via SPI successfully
]]></system-err>
  </testcase>
  <testcase name="testProcessQuestion_WithAlwaysCallLlmTrue_InvokesLlmService" classname="cloud.contoterzi.helpdesk.core.engine.HelpdeskEngineSystemTest" time="0.004">
    <system-err><![CDATA[set 16, 2025 3:34:01 PM cloud.contoterzi.helpdesk.core.engine.HelpdeskEngine init
INFO: Initializing Helpdesk Engine
set 16, 2025 3:34:01 PM cloud.contoterzi.helpdesk.core.engine.HelpdeskEngine init
INFO: About to initialize AppState
set 16, 2025 3:34:01 PM cloud.contoterzi.helpdesk.core.engine.HelpdeskEngine init
INFO: AppState initialized successfully
set 16, 2025 3:34:01 PM cloud.contoterzi.helpdesk.core.engine.HelpdeskEngine init
INFO: Knowledge base loaded with 2 entries
set 16, 2025 3:34:01 PM cloud.contoterzi.helpdesk.core.engine.HelpdeskEngine init
INFO: Loading LLM client type: claude
set 16, 2025 3:34:01 PM cloud.contoterzi.helpdesk.core.engine.HelpdeskEngine init
INFO: LLM client loaded successfully: cloud.contoterzi.helpdesk.core.spi.LlmClient$MockitoMock$FeNzan4m
set 16, 2025 3:34:01 PM cloud.contoterzi.helpdesk.core.engine.HelpdeskEngine init
INFO: LLM client initialized successfully
set 16, 2025 3:34:01 PM cloud.contoterzi.helpdesk.core.engine.HelpdeskEngine init
INFO: Similarity Service loaded via SPI successfully
]]></system-err>
  </testcase>
</testsuite>