<?xml version="1.0" encoding="UTF-8"?>
<testsuite xmlns:xsi="http://www.w3.org/2001/XMLSchema-instance" xsi:noNamespaceSchemaLocation="https://maven.apache.org/surefire/maven-surefire-plugin/xsd/surefire-test-report-3.0.xsd" version="3.0" name="cloud.contoterzi.helpdesk.core.engine.TemplateTest" time="0.035" tests="4" errors="0" skipped="0" failures="0">
  <properties>
[...]
</properties>
  <testcase name="testContactSupportPhraseDetection" classname="cloud.contoterzi.helpdesk.core.engine.TemplateTest" time="0.005"/>
  <testcase name="testBuildPromptWithTemplate" classname="cloud.contoterzi.helpdesk.core.engine.TemplateTest" time="0.015"/>
  <testcase name="testBuildPromptWithoutTemplate" classname="cloud.contoterzi.helpdesk.core.engine.TemplateTest" time="0.001"/>
  <testcase name="testCustomContactSupportPhrase" classname="cloud.contoterzi.helpdesk.core.engine.TemplateTest" time="0.0"/>
</testsuite>